<?xml version="1.0" encoding="UTF-8"?>
<!-- Generated by org.testng.reporters.JUnitReportReporter -->
<testsuite skipped="0" hostname="DESKTOP-LVCO3JO" name="practice.testscript.ApiDemo" tests="1" failures="0" timestamp="05 Oct 2019 16:01:13 GMT" time="21.589" errors="0">
  <testcase name="testScrollAction" time="21.589" classname="practice.testscript.ApiDemo"/>
</testsuite> <!-- practice.testscript.ApiDemo -->
